<?xml version="1.0" encoding="UTF-8"?>
<!-- Generated by org.testng.reporters.JUnitReportReporter -->
<testsuite skipped="0" hostname="DESKTOP-D7MBTIA" name="scripts.TestCaseClass" tests="1" failures="0" timestamp="27 Sep 2019 09:43:35 GMT" time="2.090" errors="0">
  <testcase name="add_new_user" time="2.090" classname="scripts.TestCaseClass"/>
</testsuite> <!-- scripts.TestCaseClass -->
