<?xml version="1.0" encoding="UTF-8"?>
<!-- Generated by org.testng.reporters.JUnitReportReporter -->
<testsuite skipped="0" hostname="nqthanh1" name="scripts.emailUI" tests="2" failures="0" timestamp="08 Oct 2019 05:01:24 GMT" time="13.452" errors="0">
  <testcase name="emailAddresses" time="6.787" classname="scripts.emailUI"/>
  <testcase name="emailAddresses" time="6.665" classname="scripts.emailUI"/>
</testsuite> <!-- scripts.emailUI -->
