<?xml version="1.0" encoding="UTF-8"?>
<!-- Generated by org.testng.reporters.JUnitReportReporter -->
<testsuite skipped="0" hostname="lnkhang1-PC" name="scripts.TestCaseClass" tests="1" failures="0" timestamp="14 thg 10 2019 10:44:41 GMT" time="108.862" errors="0">
  <testcase name="SNMP_authPriv" time="108.862" classname="scripts.TestCaseClass"/>
</testsuite> <!-- scripts.TestCaseClass -->
