<?xml version="1.0" encoding="UTF-8"?>
<!-- Generated by org.testng.reporters.JUnitReportReporter -->
<<<<<<< HEAD
<testsuite skipped="0" hostname="lnkhang1-PC" name="scripts.TestCaseClass" tests="1" failures="0" timestamp="14 thg 10 2019 10:44:41 GMT" time="108.862" errors="0">
  <testcase name="SNMP_authPriv" time="108.862" classname="scripts.TestCaseClass"/>
</testsuite> <!-- scripts.TestCaseClass -->
=======
<testsuite skipped="0" hostname="nqthanh1" name="scripts.TestCaseClass" tests="2" failures="0" timestamp="08 Oct 2019 09:15:04 GMT" time="2.604" errors="0">
  <testcase name="demoTestCase" time="1.303" classname="scripts.TestCaseClass"/>
  <testcase name="demoTestCase" time="1.301" classname="scripts.TestCaseClass"/>
</testsuite> <!-- scripts.TestCaseClass -->
>>>>>>> branch 'thanh' of https://github.com/thanhnguyenquoc15/AutoEP
