<?xml version="1.0" encoding="UTF-8"?>
<!-- Generated by org.testng.reporters.JUnitReportReporter -->
<testsuite skipped="0" hostname="nqthanh1" name="scripts.emailUI" tests="1" failures="0" timestamp="14 Oct 2019 07:16:35 GMT" time="10.324" errors="0">
  <testcase name="SSHTesting" time="10.324" classname="scripts.emailUI"/>
</testsuite> <!-- scripts.emailUI -->
