<?xml version="1.0" encoding="UTF-8"?>
<!-- Generated by org.testng.reporters.JUnitReportReporter -->
<testsuite skipped="0" hostname="nqthanh1" name="scripts.TestCaseClass" tests="2" failures="0" timestamp="30 Sep 2019 02:51:17 GMT" time="2.503" errors="0">
  <testcase name="demoTestCase" time="1.227" classname="scripts.TestCaseClass"/>
  <testcase name="demoTestCase" time="1.276" classname="scripts.TestCaseClass"/>
</testsuite> <!-- scripts.TestCaseClass -->
