<?xml version="1.0" encoding="UTF-8"?>
<!-- Generated by org.testng.reporters.JUnitReportReporter -->
<testsuite skipped="0" hostname="nqthanh1" name="testPackage.TestCaseClass" tests="2" failures="0" timestamp="25 Sep 2019 03:51:13 GMT" time="2.416" errors="0">
  <testcase name="demoTestCase" time="1.234" classname="testPackage.TestCaseClass"/>
  <testcase name="demoTestCase" time="1.182" classname="testPackage.TestCaseClass"/>
</testsuite> <!-- testPackage.TestCaseClass -->
