<?xml version="1.0" encoding="UTF-8"?>
<!-- Generated by org.testng.reporters.JUnitReportReporter -->
<testsuite skipped="0" hostname="nqthanh1" name="scripts.TestCaseClass" tests="2" failures="0" timestamp="08 Oct 2019 03:43:45 GMT" time="2.583" errors="0">
  <testcase name="demoTestCase" time="1.286" classname="scripts.TestCaseClass"/>
  <testcase name="demoTestCase" time="1.297" classname="scripts.TestCaseClass"/>
</testsuite> <!-- scripts.TestCaseClass -->
