<?xml version="1.0" encoding="UTF-8"?>
<!-- Generated by org.testng.reporters.JUnitReportReporter -->
<testsuite skipped="0" hostname="lnkhang1-PC" name="frame.SNMPPage" tests="1" failures="0" timestamp="08 thg 10 2019 10:55:55 GMT" time="1.492" errors="0">
  <testcase name="test" time="1.492" classname="frame.SNMPPage"/>
</testsuite> <!-- frame.SNMPPage -->
