<?xml version="1.0" encoding="UTF-8"?>
<!-- Generated by org.testng.reporters.JUnitReportReporter -->
<testsuite skipped="0" hostname="nqthanh1" name="scripts.emailUI" tests="2" failures="0" timestamp="02 Oct 2019 15:53:36 GMT" time="9.641" errors="0">
  <testcase name="emailAddresses" time="4.485" classname="scripts.emailUI"/>
  <testcase name="emailAddresses" time="5.156" classname="scripts.emailUI"/>
</testsuite> <!-- scripts.emailUI -->
