<?xml version="1.0" encoding="UTF-8"?>
<!-- Generated by org.testng.reporters.JUnitReportReporter -->
<testsuite skipped="0" hostname="nqthanh1" name="scripts.TestCaseClass" tests="2" failures="0" timestamp="02 Oct 2019 15:53:36 GMT" time="2.394" errors="0">
  <testcase name="demoTestCase" time="1.218" classname="scripts.TestCaseClass"/>
  <testcase name="demoTestCase" time="1.176" classname="scripts.TestCaseClass"/>
</testsuite> <!-- scripts.TestCaseClass -->
