<?xml version="1.0" encoding="UTF-8"?>
<!-- Generated by org.testng.reporters.JUnitReportReporter -->
<testsuite skipped="0" hostname="lnkhang1-PC" name="scripts.TestCaseClass" tests="1" failures="0" timestamp="11 thg 10 2019 09:26:29 GMT" time="241.796" errors="0">
  <testcase name="setSNMPv3" time="241.796" classname="scripts.TestCaseClass"/>
</testsuite> <!-- scripts.TestCaseClass -->
